<?xml version="1.0" encoding="UTF-8"?>
<!-- Generated by org.testng.reporters.JUnitXMLReporter -->
<testsuite hostname="AjithL" name="test1" tests="11" failures="0" timestamp="1 Feb 2021 06:04:23 GMT" time="16.15" errors="0">
  <testcase name="startcar" time="0.01" classname="test.testNgtest3"/>
  <testcase name="firstgear" time="0.004" classname="test.testNgtest3"/>
  <testcase name="secondgear" time="0.003" classname="test.testNgtest3"/>
  <testcase name="thirdgear" time="0.002" classname="test.testNgtest3"/>
  <testcase name="forthgear" time="0.003" classname="test.testNgtest3"/>
  <testcase name="startCar" time="0.002" classname="test.testNgtest2"/>
  <testcase name="firstgear" time="0.002" classname="test.testNgtest2"/>
  <testcase name="seecondgear" time="0.002" classname="test.testNgtest2"/>
  <testcase name="thirdgear" time="0.002" classname="test.testNgtest2"/>
  <testcase name="opengmail" time="7.25" classname="test.testNgsite"/>
  <testcase name="openntn" time="8.769" classname="test.testNgsite"/>
</testsuite> <!-- test1 -->
