<?xml version="1.0" encoding="UTF-8"?>
<!-- Generated by org.testng.reporters.JUnitXMLReporter -->
<testsuite hostname="AjithL" name="onecorrect" tests="4" failures="0" timestamp="2 Feb 2021 04:29:55 GMT" time="68.434" errors="0">
  <testcase name="bothcorrect" time="20.709" classname="test.data"/>
  <testcase name="bothworng" time="15.985" classname="test.data"/>
  <testcase name="onecorrect" time="15.777" classname="test.data"/>
  <testcase name="oneworng" time="15.93" classname="test.data"/>
</testsuite> <!-- onecorrect -->
