<?xml version="1.0" encoding="UTF-8"?>
<!-- Generated by org.testng.reporters.JUnitXMLReporter -->
<testsuite hostname="AjithL" name="oneworng" tests="4" failures="3" timestamp="2 Feb 2021 04:30:30 GMT" time="35.266" errors="0">
  <testcase name="bothcorrect" time="18.38" classname="test.data"/>
  <testcase name="bothworng" time="4.742" classname="test.data">
    <failure type="org.openqa.selenium.SessionNotCreatedException" message="session not created
from disconnected: Unable to receive message from renderer
  (Session info: chrome=88.0.4324.104)
Build info: version: &amp;apos;3.141.59&amp;apos;, revision: &amp;apos;e82be7d358&amp;apos;, time: &amp;apos;2018-11-14T08:25:53&amp;apos;
System info: host: &amp;apos;AJITHL&amp;apos;, ip: &amp;apos;192.168.43.108&amp;apos;, os.name: &amp;apos;Windows 7&amp;apos;, os.arch: &amp;apos;x86&amp;apos;, os.version: &amp;apos;6.1&amp;apos;, java.version: &amp;apos;1.8.0_271&amp;apos;
Driver info: driver.version: ChromeDriver
remote stacktrace: Backtrace:
	GetHandleVerifier [0x0015B963+483]
	GetHandleVerifier [0x0015B941+449]
	GetHandleVerifier [0x00503308+3832712]
	GetHandleVerifier [0x004F77E4+3784804]
	GetHandleVerifier [0x004F6A47+3781319]
	GetHandleVerifier [0x004F6E36+3782326]
	GetHandleVerifier [0x004F6765+3780581]
	GetHandleVerifier [0x004FFB21+3818401]
	GetHandleVerifier [0x004F6721+3780513]
	GetHandleVerifier [0x004F74B2+3783986]
	GetHandleVerifier [0x004F6A47+3781319]
	GetHandleVerifier [0x004F6E36+3782326]
	GetHandleVerifier [0x004F6765+3780581]
	GetHandleVerifier [0x004FDF9C+3811356]
	GetHandleVerifier [0x004F6721+3780513]
	GetHandleVerifier [0x004F74B2+3783986]
	GetHandleVerifier [0x004F6A47+3781319]
	GetHandleVerifier [0x004F6E36+3782326]
	GetHandleVerifier [0x004F6765+3780581]
	GetHandleVerifier [0x004FC392+3804178]
	GetHandleVerifier [0x004F6721+3780513]
	GetHandleVerifier [0x004F74B2+3783986]
	GetHandleVerifier [0x004F6A47+3781319]
	GetHandleVerifier [0x004F6E36+3782326]
	GetHandleVerifier [0x004F6765+3780581]
	GetHandleVerifier [0x004FB655+3800789]
	GetHandleVerifier [0x004F6721+3780513]
	GetHandleVerifier [0x004F74B2+3783986]
	GetHandleVerifier [0x004F6A47+3781319]
	GetHandleVerifier [0x004F6E36+3782326]
	GetHandleVerifier [0x004F6765+3780581]
	GetHandleVerifier [0x004F2F46+3766214]
	GetHandleVerifier [0x004F6721+3780513]
	GetHandleVerifier [0x004F6543+3780035]
	GetHandleVerifier [0x004F6337+3779511]
	GetHandleVerifier [0x00504540+3837376]
	GetHandleVerifier [0x0053F4BC+4078908]
	GetHandleVerifier [0x0053E56C+4074988]
	GetHandleVerifier [0x0053B2EB+4062059]
	GetHandleVerifier [0x0051ED14+3945876]
	GetHandleVerifier [0x0051FBCE+3949646]
	GetHandleVerifier [0x0051FB59+3949529]
	Ordinal0 [0x0011B5CC+46540]
	Ordinal0 [0x00119F53+40787]
	Ordinal0 [0x00119B12+39698]
	GetHandleVerifier [0x00421468+2907368]
	GetHandleVerifier [0x002671EE+1096302]
	GetHandleVerifier [0x00223E8D+821005]
	GetHandleVerifier [0x0022396B+819691]
	GetHandleVerifier [0x00223881+819457]
	GetHandleVerifier [0x0024F463+998627]
	BaseThreadInitThunk [0x76EBEF3C+18]
	RtlInitializeExceptionChain [0x7706360C+239]
	RtlInitializeExceptionChain [0x770635DF+194]
">
      <![CDATA[org.openqa.selenium.SessionNotCreatedException: session not created
from disconnected: Unable to receive message from renderer
  (Session info: chrome=88.0.4324.104)
Build info: version: '3.141.59', revision: 'e82be7d358', time: '2018-11-14T08:25:53'
System info: host: 'AJITHL', ip: '192.168.43.108', os.name: 'Windows 7', os.arch: 'x86', os.version: '6.1', java.version: '1.8.0_271'
Driver info: driver.version: ChromeDriver
remote stacktrace: Backtrace:
	GetHandleVerifier [0x0015B963+483]
	GetHandleVerifier [0x0015B941+449]
	GetHandleVerifier [0x00503308+3832712]
	GetHandleVerifier [0x004F77E4+3784804]
	GetHandleVerifier [0x004F6A47+3781319]
	GetHandleVerifier [0x004F6E36+3782326]
	GetHandleVerifier [0x004F6765+3780581]
	GetHandleVerifier [0x004FFB21+3818401]
	GetHandleVerifier [0x004F6721+3780513]
	GetHandleVerifier [0x004F74B2+3783986]
	GetHandleVerifier [0x004F6A47+3781319]
	GetHandleVerifier [0x004F6E36+3782326]
	GetHandleVerifier [0x004F6765+3780581]
	GetHandleVerifier [0x004FDF9C+3811356]
	GetHandleVerifier [0x004F6721+3780513]
	GetHandleVerifier [0x004F74B2+3783986]
	GetHandleVerifier [0x004F6A47+3781319]
	GetHandleVerifier [0x004F6E36+3782326]
	GetHandleVerifier [0x004F6765+3780581]
	GetHandleVerifier [0x004FC392+3804178]
	GetHandleVerifier [0x004F6721+3780513]
	GetHandleVerifier [0x004F74B2+3783986]
	GetHandleVerifier [0x004F6A47+3781319]
	GetHandleVerifier [0x004F6E36+3782326]
	GetHandleVerifier [0x004F6765+3780581]
	GetHandleVerifier [0x004FB655+3800789]
	GetHandleVerifier [0x004F6721+3780513]
	GetHandleVerifier [0x004F74B2+3783986]
	GetHandleVerifier [0x004F6A47+3781319]
	GetHandleVerifier [0x004F6E36+3782326]
	GetHandleVerifier [0x004F6765+3780581]
	GetHandleVerifier [0x004F2F46+3766214]
	GetHandleVerifier [0x004F6721+3780513]
	GetHandleVerifier [0x004F6543+3780035]
	GetHandleVerifier [0x004F6337+3779511]
	GetHandleVerifier [0x00504540+3837376]
	GetHandleVerifier [0x0053F4BC+4078908]
	GetHandleVerifier [0x0053E56C+4074988]
	GetHandleVerifier [0x0053B2EB+4062059]
	GetHandleVerifier [0x0051ED14+3945876]
	GetHandleVerifier [0x0051FBCE+3949646]
	GetHandleVerifier [0x0051FB59+3949529]
	Ordinal0 [0x0011B5CC+46540]
	Ordinal0 [0x00119F53+40787]
	Ordinal0 [0x00119B12+39698]
	GetHandleVerifier [0x00421468+2907368]
	GetHandleVerifier [0x002671EE+1096302]
	GetHandleVerifier [0x00223E8D+821005]
	GetHandleVerifier [0x0022396B+819691]
	GetHandleVerifier [0x00223881+819457]
	GetHandleVerifier [0x0024F463+998627]
	BaseThreadInitThunk [0x76EBEF3C+18]
	RtlInitializeExceptionChain [0x7706360C+239]
	RtlInitializeExceptionChain [0x770635DF+194]

	at org.openqa.selenium.remote.W3CHandshakeResponse.lambda$errorHandler$0(W3CHandshakeResponse.java:62)
	at org.openqa.selenium.remote.HandshakeResponse.lambda$getResponseFunction$0(HandshakeResponse.java:30)
	at org.openqa.selenium.remote.ProtocolHandshake.lambda$createSession$0(ProtocolHandshake.java:126)
	at java.util.stream.ReferencePipeline$3$1.accept(Unknown Source)
	at java.util.Spliterators$ArraySpliterator.tryAdvance(Unknown Source)
	at java.util.stream.ReferencePipeline.forEachWithCancel(Unknown Source)
	at java.util.stream.AbstractPipeline.copyIntoWithCancel(Unknown Source)
	at java.util.stream.AbstractPipeline.copyInto(Unknown Source)
	at java.util.stream.AbstractPipeline.wrapAndCopyInto(Unknown Source)
	at java.util.stream.FindOps$FindOp.evaluateSequential(Unknown Source)
	at java.util.stream.AbstractPipeline.evaluate(Unknown Source)
	at java.util.stream.ReferencePipeline.findFirst(Unknown Source)
	at org.openqa.selenium.remote.ProtocolHandshake.createSession(ProtocolHandshake.java:128)
	at org.openqa.selenium.remote.ProtocolHandshake.createSession(ProtocolHandshake.java:74)
	at org.openqa.selenium.remote.HttpCommandExecutor.execute(HttpCommandExecutor.java:136)
	at org.openqa.selenium.remote.service.DriverCommandExecutor.execute(DriverCommandExecutor.java:83)
	at org.openqa.selenium.remote.RemoteWebDriver.execute(RemoteWebDriver.java:552)
	at org.openqa.selenium.remote.RemoteWebDriver.startSession(RemoteWebDriver.java:213)
	at org.openqa.selenium.remote.RemoteWebDriver.<init>(RemoteWebDriver.java:131)
	at org.openqa.selenium.chrome.ChromeDriver.<init>(ChromeDriver.java:181)
	at org.openqa.selenium.chrome.ChromeDriver.<init>(ChromeDriver.java:168)
	at org.openqa.selenium.chrome.ChromeDriver.<init>(ChromeDriver.java:123)
	at test.data.bothworng(data.java:31)
... Removed 29 stack frames]]>
    </failure>
  </testcase> <!-- bothworng -->
  <testcase name="onecorrect" time="5.078" classname="test.data">
    <failure type="org.openqa.selenium.NoSuchWindowException" message="no such window: target window already closed
from unknown error: web view not found
  (Session info: chrome=88.0.4324.104)
Build info: version: &amp;apos;3.141.59&amp;apos;, revision: &amp;apos;e82be7d358&amp;apos;, time: &amp;apos;2018-11-14T08:25:53&amp;apos;
System info: host: &amp;apos;AJITHL&amp;apos;, ip: &amp;apos;192.168.43.108&amp;apos;, os.name: &amp;apos;Windows 7&amp;apos;, os.arch: &amp;apos;x86&amp;apos;, os.version: &amp;apos;6.1&amp;apos;, java.version: &amp;apos;1.8.0_271&amp;apos;
Driver info: org.openqa.selenium.chrome.ChromeDriver
Capabilities {acceptInsecureCerts: false, browserName: chrome, browserVersion: 88.0.4324.104, chrome: {chromedriverVersion: 88.0.4324.96 (68dba2d8a0b14..., userDataDir: C:\Users\Ajith\AppData\Loca...}, goog:chromeOptions: {debuggerAddress: localhost:51347}, javascriptEnabled: true, networkConnectionEnabled: false, pageLoadStrategy: normal, platform: WINDOWS, platformName: WINDOWS, proxy: Proxy(), setWindowRect: true, strictFileInteractability: false, timeouts: {implicit: 0, pageLoad: 300000, script: 30000}, unhandledPromptBehavior: dismiss and notify, webauthn:extension:largeBlob: true, webauthn:virtualAuthenticators: true}
Session ID: aba8232d0708f1aeb3ebd16aee01fb42
*** Element info: {Using=id, value=txtUsername}">
      <![CDATA[org.openqa.selenium.NoSuchWindowException: no such window: target window already closed
from unknown error: web view not found
  (Session info: chrome=88.0.4324.104)
Build info: version: '3.141.59', revision: 'e82be7d358', time: '2018-11-14T08:25:53'
System info: host: 'AJITHL', ip: '192.168.43.108', os.name: 'Windows 7', os.arch: 'x86', os.version: '6.1', java.version: '1.8.0_271'
Driver info: org.openqa.selenium.chrome.ChromeDriver
Capabilities {acceptInsecureCerts: false, browserName: chrome, browserVersion: 88.0.4324.104, chrome: {chromedriverVersion: 88.0.4324.96 (68dba2d8a0b14..., userDataDir: C:\Users\Ajith\AppData\Loca...}, goog:chromeOptions: {debuggerAddress: localhost:51347}, javascriptEnabled: true, networkConnectionEnabled: false, pageLoadStrategy: normal, platform: WINDOWS, platformName: WINDOWS, proxy: Proxy(), setWindowRect: true, strictFileInteractability: false, timeouts: {implicit: 0, pageLoad: 300000, script: 30000}, unhandledPromptBehavior: dismiss and notify, webauthn:extension:largeBlob: true, webauthn:virtualAuthenticators: true}
Session ID: aba8232d0708f1aeb3ebd16aee01fb42
*** Element info: {Using=id, value=txtUsername}
	at org.openqa.selenium.remote.http.W3CHttpResponseCodec.createException(W3CHttpResponseCodec.java:187)
	at org.openqa.selenium.remote.http.W3CHttpResponseCodec.decode(W3CHttpResponseCodec.java:122)
	at org.openqa.selenium.remote.http.W3CHttpResponseCodec.decode(W3CHttpResponseCodec.java:49)
	at org.openqa.selenium.remote.HttpCommandExecutor.execute(HttpCommandExecutor.java:158)
	at org.openqa.selenium.remote.service.DriverCommandExecutor.execute(DriverCommandExecutor.java:83)
	at org.openqa.selenium.remote.RemoteWebDriver.execute(RemoteWebDriver.java:552)
	at org.openqa.selenium.remote.RemoteWebDriver.findElement(RemoteWebDriver.java:323)
	at org.openqa.selenium.remote.RemoteWebDriver.findElementById(RemoteWebDriver.java:372)
	at org.openqa.selenium.By$ById.findElement(By.java:188)
	at org.openqa.selenium.remote.RemoteWebDriver.findElement(RemoteWebDriver.java:315)
	at test.data.onecorrect(data.java:47)
... Removed 29 stack frames]]>
    </failure>
  </testcase> <!-- onecorrect -->
  <testcase name="oneworng" time="7.042" classname="test.data">
    <failure type="org.openqa.selenium.WebDriverException" message="unknown error: cannot determine loading status
from disconnected: Unable to receive message from renderer
  (Session info: chrome=88.0.4324.104)
Build info: version: &amp;apos;3.141.59&amp;apos;, revision: &amp;apos;e82be7d358&amp;apos;, time: &amp;apos;2018-11-14T08:25:53&amp;apos;
System info: host: &amp;apos;AJITHL&amp;apos;, ip: &amp;apos;192.168.43.108&amp;apos;, os.name: &amp;apos;Windows 7&amp;apos;, os.arch: &amp;apos;x86&amp;apos;, os.version: &amp;apos;6.1&amp;apos;, java.version: &amp;apos;1.8.0_271&amp;apos;
Driver info: org.openqa.selenium.chrome.ChromeDriver
Capabilities {acceptInsecureCerts: false, browserName: chrome, browserVersion: 88.0.4324.104, chrome: {chromedriverVersion: 88.0.4324.96 (68dba2d8a0b14..., userDataDir: C:\Users\Ajith\AppData\Loca...}, goog:chromeOptions: {debuggerAddress: localhost:51359}, javascriptEnabled: true, networkConnectionEnabled: false, pageLoadStrategy: normal, platform: WINDOWS, platformName: WINDOWS, proxy: Proxy(), setWindowRect: true, strictFileInteractability: false, timeouts: {implicit: 0, pageLoad: 300000, script: 30000}, unhandledPromptBehavior: dismiss and notify, webauthn:extension:largeBlob: true, webauthn:virtualAuthenticators: true}
Session ID: 1a90c43151f08da06ca6185c5af20f86">
      <![CDATA[org.openqa.selenium.WebDriverException: unknown error: cannot determine loading status
from disconnected: Unable to receive message from renderer
  (Session info: chrome=88.0.4324.104)
Build info: version: '3.141.59', revision: 'e82be7d358', time: '2018-11-14T08:25:53'
System info: host: 'AJITHL', ip: '192.168.43.108', os.name: 'Windows 7', os.arch: 'x86', os.version: '6.1', java.version: '1.8.0_271'
Driver info: org.openqa.selenium.chrome.ChromeDriver
Capabilities {acceptInsecureCerts: false, browserName: chrome, browserVersion: 88.0.4324.104, chrome: {chromedriverVersion: 88.0.4324.96 (68dba2d8a0b14..., userDataDir: C:\Users\Ajith\AppData\Loca...}, goog:chromeOptions: {debuggerAddress: localhost:51359}, javascriptEnabled: true, networkConnectionEnabled: false, pageLoadStrategy: normal, platform: WINDOWS, platformName: WINDOWS, proxy: Proxy(), setWindowRect: true, strictFileInteractability: false, timeouts: {implicit: 0, pageLoad: 300000, script: 30000}, unhandledPromptBehavior: dismiss and notify, webauthn:extension:largeBlob: true, webauthn:virtualAuthenticators: true}
Session ID: 1a90c43151f08da06ca6185c5af20f86
	at org.openqa.selenium.remote.http.W3CHttpResponseCodec.createException(W3CHttpResponseCodec.java:187)
	at org.openqa.selenium.remote.http.W3CHttpResponseCodec.decode(W3CHttpResponseCodec.java:122)
	at org.openqa.selenium.remote.http.W3CHttpResponseCodec.decode(W3CHttpResponseCodec.java:49)
	at org.openqa.selenium.remote.HttpCommandExecutor.execute(HttpCommandExecutor.java:158)
	at org.openqa.selenium.remote.service.DriverCommandExecutor.execute(DriverCommandExecutor.java:83)
	at org.openqa.selenium.remote.RemoteWebDriver.execute(RemoteWebDriver.java:552)
	at org.openqa.selenium.remote.RemoteWebDriver.get(RemoteWebDriver.java:277)
	at test.data.oneworng(data.java:61)
... Removed 29 stack frames]]>
    </failure>
  </testcase> <!-- oneworng -->
</testsuite> <!-- oneworng -->
